# JRE version: OpenJDK Runtime Environment Temurin-21.0.12.1+1 (21.0.12.1+1) (build 21.0.12.1+1-LTS)
# Java VM: OpenJDK 64-Bit Server VM Temurin-21.0.12.1+1 (21.0.12.1+1-LTS, mixed mode, sharing, tiered, compressed oops, compressed class ptrs, parallel gc, windows-amd64)
GC Precious Log:
 CardTable entry size: 512
 CPUs: 2 total, 2 available
 Memory: 3919M
 Large Page Support: Disabled
 NUMA Support: Disabled
 Compressed Oops: Enabled (32-bit)
 Alignments: Space 512K, Generation 512K, Heap 2M
 Heap Min Capacity: 100M
 Heap Initial Capacity: 100M
 Heap Max Capacity: 2G
 Pre-touch: Disabled
 Parallel Workers: 2
Heap:
 PSYoungGen      total 3584K, used 3040K [0x00000000d5580000, 0x00000000d5b80000, 0x0000000100000000)
  eden space 1536K, 100% used [0x00000000d5580000,0x00000000d5700000,0x00000000d5700000)
  from space 2048K, 73% used [0x00000000d5700000,0x00000000d5878000,0x00000000d5900000)
  to   space 2048K, 37% used [0x00000000d5980000,0x00000000d5a40000,0x00000000d5b80000)
 ParOldGen       total 1190400K, used 1190396K [0x0000000080000000, 0x00000000c8a80000, 0x00000000d5580000)
  object space 1190400K, 99% used [0x0000000080000000,0x00000000c8a7f3d8,0x00000000c8a80000)
 Metaspace       used 96494K, committed 98432K, reserved 1179648K
  class space    used 9745K, committed 10560K, reserved 1048576K
GC Heap History (20 events):
Event: 1883.717 GC heap before
{Heap before GC invocations=2341 (full 4):
 PSYoungGen      total 4096K, used 3936K [0x00000000d5580000, 0x00000000d5b00000, 0x0000000100000000)
  eden space 3072K, 100% used [0x00000000d5580000,0x00000000d5880000,0x00000000d5880000)
  from space 1024K, 84% used [0x00000000d5a00000,0x00000000d5ad8018,0x00000000d5b00000)
  to   space 1024K, 0% used [0x00000000d5880000,0x00000000d5880000,0x00000000d5980000)
 ParOldGen       total 1181696K, used 1181592K [0x0000000080000000, 0x00000000c8200000, 0x00000000d5580000)
  object space 1181696K, 99% used [0x0000000080000000,0x00000000c81e6348,0x00000000c8200000)
 Metaspace       used 96479K, committed 98432K, reserved 1179648K
  class space    used 9745K, committed 10560K, reserved 1048576K
}
Event: 1883.727 GC heap after
{Heap after GC invocations=2341 (full 4):
 PSYoungGen      total 4096K, used 384K [0x00000000d5580000, 0x00000000d5a80000, 0x0000000100000000)
  eden space 3072K, 0% used [0x00000000d5580000,0x00000000d5580000,0x00000000d5880000)
  from space 1024K, 37% used [0x00000000d5880000,0x00000000d58e0000,0x00000000d5980000)
  to   space 1024K, 0% used [0x00000000d5980000,0x00000000d5980000,0x00000000d5a80000)
 ParOldGen       total 1182720K, used 1182262K [0x0000000080000000, 0x00000000c8300000, 0x00000000d5580000)
  object space 1182720K, 99% used [0x0000000080000000,0x00000000c828dad8,0x00000000c8300000)
 Metaspace       used 96479K, committed 98432K, reserved 1179648K
  class space    used 9745K, committed 10560K, reserved 1048576K
}
Event: 1883.745 GC heap before
{Heap before GC invocations=2342 (full 4):
 PSYoungGen      total 4096K, used 3456K [0x00000000d5580000, 0x00000000d5a80000, 0x0000000100000000)
  eden space 3072K, 100% used [0x00000000d5580000,0x00000000d5880000,0x00000000d5880000)
  from space 1024K, 37% used [0x00000000d5880000,0x00000000d58e0000,0x00000000d5980000)
  to   space 1024K, 0% used [0x00000000d5980000,0x00000000d5980000,0x00000000d5a80000)
 ParOldGen       total 1182720K, used 1182262K [0x0000000080000000, 0x00000000c8300000, 0x00000000d5580000)
  object space 1182720K, 99% used [0x0000000080000000,0x00000000c828dad8,0x00000000c8300000)
 Metaspace       used 96479K, committed 98432K, reserved 1179648K
  class space    used 9745K, committed 10560K, reserved 1048576K
}
Event: 1883.751 GC heap after
{Heap after GC invocations=2342 (full 4):
 PSYoungGen      total 4096K, used 544K [0x00000000d5580000, 0x00000000d5a80000, 0x0000000100000000)
  eden space 3072K, 0% used [0x00000000d5580000,0x00000000d5580000,0x00000000d5880000)
  from space 1024K, 53% used [0x00000000d5980000,0x00000000d5a08000,0x00000000d5a80000)
  to   space 1024K, 0% used [0x00000000d5880000,0x00000000d5880000,0x00000000d5980000)
 ParOldGen       total 1182720K, used 1182558K [0x0000000080000000, 0x00000000c8300000, 0x00000000d5580000)
  object space 1182720K, 99% used [0x0000000080000000,0x00000000c82d7ae8,0x00000000c8300000)
 Metaspace       used 96479K, committed 98432K, reserved 1179648K
  class space    used 9745K, committed 10560K, reserved 1048576K
}
Event: 1883.769 GC heap before
{Heap before GC invocations=2343 (full 4):
 PSYoungGen      total 4096K, used 3614K [0x00000000d5580000, 0x00000000d5a80000, 0x0000000100000000)
  eden space 3072K, 99% used [0x00000000d5580000,0x00000000d587fae8,0x00000000d5880000)
  from space 1024K, 53% used [0x00000000d5980000,0x00000000d5a08000,0x00000000d5a80000)
  to   space 1024K, 0% used [0x00000000d5880000,0x00000000d5880000,0x00000000d5980000)
 ParOldGen       total 1182720K, used 1182558K [0x0000000080000000, 0x00000000c8300000, 0x00000000d5580000)
  object space 1182720K, 99% used [0x0000000080000000,0x00000000c82d7ae8,0x00000000c8300000)
 Metaspace       used 96479K, committed 98432K, reserved 1179648K
  class space    used 9745K, committed 10560K, reserved 1048576K
}
Event: 1883.777 GC heap after
{Heap after GC invocations=2343 (full 4):
 PSYoungGen      total 4096K, used 565K [0x00000000d5580000, 0x00000000d5b80000, 0x0000000100000000)
  eden space 3072K, 0% used [0x00000000d5580000,0x00000000d5580000,0x00000000d5880000)
  from space 1024K, 55% used [0x00000000d5880000,0x00000000d590d600,0x00000000d5980000)
  to   space 1024K, 0% used [0x00000000d5a80000,0x00000000d5a80000,0x00000000d5b80000)
 ParOldGen       total 1183232K, used 1183070K [0x0000000080000000, 0x00000000c8380000, 0x00000000d5580000)
  object space 1183232K, 99% used [0x0000000080000000,0x00000000c8357af8,0x00000000c8380000)
 Metaspace       used 96479K, committed 98432K, reserved 1179648K
  class space    used 9745K, committed 10560K, reserved 1048576K
}
Event: 1883.814 GC heap before
{Heap before GC invocations=2344 (full 4):
 PSYoungGen      total 4096K, used 3637K [0x00000000d5580000, 0x00000000d5b80000, 0x0000000100000000)
  eden space 3072K, 100% used [0x00000000d5580000,0x00000000d5880000,0x00000000d5880000)
  from space 1024K, 55% used [0x00000000d5880000,0x00000000d590d600,0x00000000d5980000)
  to   space 1024K, 0% used [0x00000000d5a80000,0x00000000d5a80000,0x00000000d5b80000)
 ParOldGen       total 1183232K, used 1183070K [0x0000000080000000, 0x00000000c8380000, 0x00000000d5580000)
  object space 1183232K, 99% used [0x0000000080000000,0x00000000c8357af8,0x00000000c8380000)
 Metaspace       used 96479K, committed 98432K, reserved 1179648K
  class space    used 9745K, committed 10560K, reserved 1048576K
}
Event: 1883.821 GC heap after
{Heap after GC invocations=2344 (full 4):
 PSYoungGen      total 3584K, used 320K [0x00000000d5580000, 0x00000000d5b00000, 0x0000000100000000)
  eden space 3072K, 0% used [0x00000000d5580000,0x00000000d5580000,0x00000000d5880000)
  from space 512K, 62% used [0x00000000d5a80000,0x00000000d5ad0000,0x00000000d5b00000)
  to   space 512K, 0% used [0x00000000d5a00000,0x00000000d5a00000,0x00000000d5a80000)
 ParOldGen       total 1183744K, used 1183572K [0x0000000080000000, 0x00000000c8400000, 0x00000000d5580000)
  object space 1183744K, 99% used [0x0000000080000000,0x00000000c83d5240,0x00000000c8400000)
 Metaspace       used 96479K, committed 98432K, reserved 1179648K
  class space    used 9745K, committed 10560K, reserved 1048576K
}
Event: 1883.940 GC heap before
{Heap before GC invocations=2345 (full 4):
 PSYoungGen      total 3584K, used 3392K [0x00000000d5580000, 0x00000000d5b00000, 0x0000000100000000)
  eden space 3072K, 100% used [0x00000000d5580000,0x00000000d5880000,0x00000000d5880000)
  from space 512K, 62% used [0x00000000d5a80000,0x00000000d5ad0000,0x00000000d5b00000)
  to   space 512K, 0% used [0x00000000d5a00000,0x00000000d5a00000,0x00000000d5a80000)
 ParOldGen       total 1183744K, used 1183572K [0x0000000080000000, 0x00000000c8400000, 0x00000000d5580000)
  object space 1183744K, 99% used [0x0000000080000000,0x00000000c83d5240,0x00000000c8400000)
 Metaspace       used 96479K, committed 98432K, reserved 1179648K
  class space    used 9745K, committed 10560K, reserved 1048576K
}
Event: 1883.950 GC heap after
{Heap after GC invocations=2345 (full 4):
 PSYoungGen      total 3584K, used 480K [0x00000000d5580000, 0x00000000d5b00000, 0x0000000100000000)
  eden space 3072K, 0% used [0x00000000d5580000,0x00000000d5580000,0x00000000d5880000)
  from space 512K, 93% used [0x00000000d5a00000,0x00000000d5a78000,0x00000000d5a80000)
  to   space 512K, 0% used [0x00000000d5a80000,0x00000000d5a80000,0x00000000d5b00000)
 ParOldGen       total 1184256K, used 1183836K [0x0000000080000000, 0x00000000c8480000, 0x00000000d5580000)
  object space 1184256K, 99% used [0x0000000080000000,0x00000000c8417240,0x00000000c8480000)
 Metaspace       used 96479K, committed 98432K, reserved 1179648K
  class space    used 9745K, committed 10560K, reserved 1048576K
}
Event: 1884.016 GC heap before
{Heap before GC invocations=2346 (full 4):
 PSYoungGen      total 3584K, used 3552K [0x00000000d5580000, 0x00000000d5b00000, 0x0000000100000000)
  eden space 3072K, 100% used [0x00000000d5580000,0x00000000d5880000,0x00000000d5880000)
  from space 512K, 93% used [0x00000000d5a00000,0x00000000d5a78000,0x00000000d5a80000)
  to   space 512K, 0% used [0x00000000d5a80000,0x00000000d5a80000,0x00000000d5b00000)
 ParOldGen       total 1184256K, used 1183836K [0x0000000080000000, 0x00000000c8480000, 0x00000000d5580000)
  object space 1184256K, 99% used [0x0000000080000000,0x00000000c8417240,0x00000000c8480000)
 Metaspace       used 96479K, committed 98432K, reserved 1179648K
  class space    used 9745K, committed 10560K, reserved 1048576K
}
Event: 1884.029 GC heap after
{Heap after GC invocations=2346 (full 4):
 PSYoungGen      total 2048K, used 481K [0x00000000d5580000, 0x00000000d5f80000, 0x0000000100000000)
  eden space 1536K, 0% used [0x00000000d5580000,0x00000000d5580000,0x00000000d5700000)
  from space 512K, 93% used [0x00000000d5a80000,0x00000000d5af8480,0x00000000d5b00000)
  to   space 3584K, 0% used [0x00000000d5700000,0x00000000d5700000,0x00000000d5a80000)
 ParOldGen       total 1186304K, used 1186141K [0x0000000080000000, 0x00000000c8680000, 0x00000000d5580000)
  object space 1186304K, 99% used [0x0000000080000000,0x00000000c86576d0,0x00000000c8680000)
 Metaspace       used 96479K, committed 98432K, reserved 1179648K
  class space    used 9745K, committed 10560K, reserved 1048576K
}
Event: 1884.078 GC heap before
{Heap before GC invocations=2347 (full 4):
 PSYoungGen      total 2048K, used 2013K [0x00000000d5580000, 0x00000000d5f80000, 0x0000000100000000)
  eden space 1536K, 99% used [0x00000000d5580000,0x00000000d56ff288,0x00000000d5700000)
  from space 512K, 93% used [0x00000000d5a80000,0x00000000d5af8480,0x00000000d5b00000)
  to   space 3584K, 0% used [0x00000000d5700000,0x00000000d5700000,0x00000000d5a80000)
 ParOldGen       total 1186304K, used 1186141K [0x0000000080000000, 0x00000000c8680000, 0x00000000d5580000)
  object space 1186304K, 99% used [0x0000000080000000,0x00000000c86576d0,0x00000000c8680000)
 Metaspace       used 96479K, committed 98432K, reserved 1179648K
  class space    used 9745K, committed 10560K, reserved 1048576K
}
Event: 1884.088 GC heap after
{Heap after GC invocations=2347 (full 4):
 PSYoungGen      total 3072K, used 1361K [0x00000000d5580000, 0x00000000d5b00000, 0x0000000100000000)
  eden space 1536K, 0% used [0x00000000d5580000,0x00000000d5580000,0x00000000d5700000)
  from space 1536K, 88% used [0x00000000d5700000,0x00000000d5854578,0x00000000d5880000)
  to   space 2048K, 0% used [0x00000000d5900000,0x00000000d5900000,0x00000000d5b00000)
 ParOldGen       total 1186816K, used 1186629K [0x0000000080000000, 0x00000000c8700000, 0x00000000d5580000)
  object space 1186816K, 99% used [0x0000000080000000,0x00000000c86d1758,0x00000000c8700000)
 Metaspace       used 96479K, committed 98432K, reserved 1179648K
  class space    used 9745K, committed 10560K, reserved 1048576K
}
Event: 1884.147 GC heap before
{Heap before GC invocations=2348 (full 4):
 PSYoungGen      total 3072K, used 2897K [0x00000000d5580000, 0x00000000d5b00000, 0x0000000100000000)
  eden space 1536K, 100% used [0x00000000d5580000,0x00000000d5700000,0x00000000d5700000)
  from space 1536K, 88% used [0x00000000d5700000,0x00000000d5854578,0x00000000d5880000)
  to   space 2048K, 0% used [0x00000000d5900000,0x00000000d5900000,0x00000000d5b00000)
 ParOldGen       total 1186816K, used 1186629K [0x0000000080000000, 0x00000000c8700000, 0x00000000d5580000)
  object space 1186816K, 99% used [0x0000000080000000,0x00000000c86d1758,0x00000000c8700000)
 Metaspace       used 96492K, committed 98432K, reserved 1179648K
  class space    used 9745K, committed 10560K, reserved 1048576K
}
Event: 1884.165 GC heap after
{Heap after GC invocations=2348 (full 4):
 PSYoungGen      total 2048K, used 320K [0x00000000d5580000, 0x00000000d5980000, 0x0000000100000000)
  eden space 1536K, 0% used [0x00000000d5580000,0x00000000d5580000,0x00000000d5700000)
  from space 512K, 62% used [0x00000000d5900000,0x00000000d5950000,0x00000000d5980000)
  to   space 1024K, 0% used [0x00000000d5780000,0x00000000d5780000,0x00000000d5880000)
 ParOldGen       total 1188352K, used 1187925K [0x0000000080000000, 0x00000000c8880000, 0x00000000d5580000)
  object space 1188352K, 99% used [0x0000000080000000,0x00000000c8815758,0x00000000c8880000)
 Metaspace       used 96492K, committed 98432K, reserved 1179648K
  class space    used 9745K, committed 10560K, reserved 1048576K
}
Event: 1884.272 GC heap before
{Heap before GC invocations=2349 (full 4):
 PSYoungGen      total 2048K, used 1855K [0x00000000d5580000, 0x00000000d5980000, 0x0000000100000000)
  eden space 1536K, 99% used [0x00000000d5580000,0x00000000d56fffe0,0x00000000d5700000)
  from space 512K, 62% used [0x00000000d5900000,0x00000000d5950000,0x00000000d5980000)
  to   space 1024K, 0% used [0x00000000d5780000,0x00000000d5780000,0x00000000d5880000)
 ParOldGen       total 1188352K, used 1187925K [0x0000000080000000, 0x00000000c8880000, 0x00000000d5580000)
  object space 1188352K, 99% used [0x0000000080000000,0x00000000c8815758,0x00000000c8880000)
 Metaspace       used 96494K, committed 98432K, reserved 1179648K
  class space    used 9745K, committed 10560K, reserved 1048576K
}
Event: 1884.283 GC heap after
{Heap after GC invocations=2349 (full 4):
 PSYoungGen      total 2560K, used 418K [0x00000000d5580000, 0x00000000d5980000, 0x0000000100000000)
  eden space 1536K, 0% used [0x00000000d5580000,0x00000000d5580000,0x00000000d5700000)
  from space 1024K, 40% used [0x00000000d5780000,0x00000000d57e8900,0x00000000d5880000)
  to   space 512K, 0% used [0x00000000d5900000,0x00000000d5900000,0x00000000d5980000)
 ParOldGen       total 1188352K, used 1188146K [0x0000000080000000, 0x00000000c8880000, 0x00000000d5580000)
  object space 1188352K, 99% used [0x0000000080000000,0x00000000c884cad8,0x00000000c8880000)
 Metaspace       used 96494K, committed 98432K, reserved 1179648K
  class space    used 9745K, committed 10560K, reserved 1048576K
}
Event: 1884.315 GC heap before
{Heap before GC invocations=2350 (full 4):
 PSYoungGen      total 2560K, used 1954K [0x00000000d5580000, 0x00000000d5980000, 0x0000000100000000)
  eden space 1536K, 100% used [0x00000000d5580000,0x00000000d5700000,0x00000000d5700000)
  from space 1024K, 40% used [0x00000000d5780000,0x00000000d57e8900,0x00000000d5880000)
  to   space 512K, 0% used [0x00000000d5900000,0x00000000d5900000,0x00000000d5980000)
 ParOldGen       total 1188352K, used 1188146K [0x0000000080000000, 0x00000000c8880000, 0x00000000d5580000)
  object space 1188352K, 99% used [0x0000000080000000,0x00000000c884cad8,0x00000000c8880000)
 Metaspace       used 96494K, committed 98432K, reserved 1179648K
  class space    used 9745K, committed 10560K, reserved 1048576K
}
Event: 1884.322 GC heap after
{Heap after GC invocations=2350 (full 4):
 PSYoungGen      total 2048K, used 512K [0x00000000d5580000, 0x00000000d5b00000, 0x0000000100000000)
  eden space 1536K, 0% used [0x00000000d5580000,0x00000000d5580000,0x00000000d5700000)
  from space 512K, 100% used [0x00000000d5900000,0x00000000d5980000,0x00000000d5980000)
  to   space 2048K, 0% used [0x00000000d5700000,0x00000000d5700000,0x00000000d5900000)
 ParOldGen       total 1189376K, used 1189092K [0x0000000080000000, 0x00000000c8980000, 0x00000000d5580000)
  object space 1189376K, 99% used [0x0000000080000000,0x00000000c89393d8,0x00000000c8980000)
 Metaspace       used 96494K, committed 98432K, reserved 1179648K
  class space    used 9745K, committed 10560K, reserved 1048576K
}

